<?xml version="1.0" ?>
<coverage version="7.9.1" timestamp="1751672443386" lines-valid="1587" lines-covered="1026" line-rate="0.6465" branches-covered="0" branches-valid="0" branch-rate="0" complexity="0">
	<!-- Generated by coverage.py: https://coverage.readthedocs.io/en/7.9.1 -->
	<!-- Based on https://raw.githubusercontent.com/cobertura/web/master/htdocs/xml/coverage-04.dtd -->
	<sources>
		<source>/Users/patrik/Projects/archi-mcp</source>
	</sources>
	<packages>
		<package name="src.archi_mcp" line-rate="0.6814" branch-rate="0" complexity="0">
			<classes>
				<class name="__init__.py" filename="src/archi_mcp/__init__.py" complexity="0" line-rate="1" branch-rate="0">
					<methods/>
					<lines>
						<line number="15" hits="1"/>
						<line number="16" hits="1"/>
						<line number="17" hits="1"/>
						<line number="18" hits="1"/>
						<line number="20" hits="1"/>
						<line number="22" hits="1"/>
					</lines>
				</class>
				<class name="server.py" filename="src/archi_mcp/server.py" complexity="0" line-rate="0.6793" branch-rate="0">
					<methods/>
					<lines>
						<line number="3" hits="1"/>
						<line number="4" hits="1"/>
						<line number="5" hits="1"/>
						<line number="6" hits="1"/>
						<line number="7" hits="1"/>
						<line number="8" hits="1"/>
						<line number="9" hits="1"/>
						<line number="10" hits="1"/>
						<line number="11" hits="1"/>
						<line number="12" hits="1"/>
						<line number="13" hits="1"/>
						<line number="14" hits="1"/>
						<line number="15" hits="1"/>
						<line number="16" hits="1"/>
						<line number="17" hits="1"/>
						<line number="18" hits="1"/>
						<line number="19" hits="1"/>
						<line number="20" hits="1"/>
						<line number="22" hits="1"/>
						<line number="23" hits="1"/>
						<line number="24" hits="1"/>
						<line number="25" hits="1"/>
						<line number="27" hits="1"/>
						<line number="28" hits="1"/>
						<line number="33" hits="1"/>
						<line number="41" hits="1"/>
						<line number="42" hits="1"/>
						<line number="44" hits="1"/>
						<line number="54" hits="1"/>
						<line number="67" hits="1"/>
						<line number="70" hits="1"/>
						<line number="71" hits="1"/>
						<line number="72" hits="1"/>
						<line number="73" hits="1"/>
						<line number="74" hits="1"/>
						<line number="77" hits="1"/>
						<line number="78" hits="1"/>
						<line number="79" hits="0"/>
						<line number="80" hits="1"/>
						<line number="81" hits="0"/>
						<line number="84" hits="1"/>
						<line number="85" hits="1"/>
						<line number="86" hits="1"/>
						<line number="87" hits="0"/>
						<line number="90" hits="1"/>
						<line number="93" hits="1"/>
						<line number="96" hits="1"/>
						<line number="97" hits="0"/>
						<line number="100" hits="1"/>
						<line number="102" hits="1"/>
						<line number="109" hits="1"/>
						<line number="110" hits="1"/>
						<line number="113" hits="0"/>
						<line number="114" hits="0"/>
						<line number="116" hits="0"/>
						<line number="118" hits="0"/>
						<line number="119" hits="0"/>
						<line number="123" hits="1"/>
						<line number="139" hits="1"/>
						<line number="141" hits="1"/>
						<line number="143" hits="1"/>
						<line number="145" hits="1"/>
						<line number="147" hits="1"/>
						<line number="149" hits="1"/>
						<line number="151" hits="0"/>
						<line number="154" hits="1"/>
						<line number="156" hits="1"/>
						<line number="167" hits="0"/>
						<line number="168" hits="0"/>
						<line number="171" hits="0"/>
						<line number="172" hits="0"/>
						<line number="173" hits="0"/>
						<line number="175" hits="0"/>
						<line number="176" hits="0"/>
						<line number="179" hits="0"/>
						<line number="209" hits="0"/>
						<line number="210" hits="0"/>
						<line number="213" hits="0"/>
						<line number="214" hits="0"/>
						<line number="216" hits="0"/>
						<line number="220" hits="0"/>
						<line number="222" hits="1"/>
						<line number="224" hits="1"/>
						<line number="298" hits="1"/>
						<line number="299" hits="1"/>
						<line number="301" hits="1"/>
						<line number="302" hits="1"/>
						<line number="303" hits="0"/>
						<line number="304" hits="0"/>
						<line number="311" hits="1"/>
						<line number="312" hits="1"/>
						<line number="320" hits="1"/>
						<line number="326" hits="1"/>
						<line number="327" hits="1"/>
						<line number="330" hits="1"/>
						<line number="333" hits="1"/>
						<line number="334" hits="1"/>
						<line number="337" hits="1"/>
						<line number="338" hits="1"/>
						<line number="339" hits="1"/>
						<line number="341" hits="1"/>
						<line number="343" hits="1"/>
						<line number="344" hits="1"/>
						<line number="345" hits="1"/>
						<line number="346" hits="1"/>
						<line number="347" hits="1"/>
						<line number="349" hits="1"/>
						<line number="353" hits="1"/>
						<line number="354" hits="1"/>
						<line number="357" hits="1"/>
						<line number="360" hits="1"/>
						<line number="361" hits="1"/>
						<line number="362" hits="1"/>
						<line number="363" hits="1"/>
						<line number="364" hits="1"/>
						<line number="367" hits="1"/>
						<line number="368" hits="1"/>
						<line number="370" hits="1"/>
						<line number="374" hits="1"/>
						<line number="375" hits="1"/>
						<line number="377" hits="1"/>
						<line number="378" hits="1"/>
						<line number="379" hits="1"/>
						<line number="381" hits="1"/>
						<line number="382" hits="1"/>
						<line number="384" hits="0"/>
						<line number="385" hits="0"/>
						<line number="386" hits="0"/>
						<line number="389" hits="1"/>
						<line number="391" hits="1"/>
						<line number="392" hits="1"/>
						<line number="393" hits="1"/>
						<line number="394" hits="1"/>
						<line number="395" hits="1"/>
						<line number="396" hits="1"/>
						<line number="397" hits="1"/>
						<line number="398" hits="1"/>
						<line number="399" hits="1"/>
						<line number="400" hits="1"/>
						<line number="401" hits="1"/>
						<line number="402" hits="1"/>
						<line number="404" hits="1"/>
						<line number="406" hits="1"/>
						<line number="407" hits="1"/>
						<line number="408" hits="1"/>
						<line number="409" hits="1"/>
						<line number="410" hits="1"/>
						<line number="411" hits="1"/>
						<line number="412" hits="1"/>
						<line number="413" hits="1"/>
						<line number="414" hits="1"/>
						<line number="416" hits="1"/>
						<line number="418" hits="1"/>
						<line number="419" hits="1"/>
						<line number="420" hits="1"/>
						<line number="421" hits="1"/>
						<line number="422" hits="1"/>
						<line number="423" hits="1"/>
						<line number="424" hits="1"/>
						<line number="425" hits="1"/>
						<line number="426" hits="1"/>
						<line number="427" hits="1"/>
						<line number="428" hits="1"/>
						<line number="429" hits="1"/>
						<line number="430" hits="1"/>
						<line number="432" hits="1"/>
						<line number="434" hits="1"/>
						<line number="435" hits="1"/>
						<line number="436" hits="1"/>
						<line number="437" hits="1"/>
						<line number="439" hits="1"/>
						<line number="441" hits="1"/>
						<line number="442" hits="1"/>
						<line number="443" hits="1"/>
						<line number="444" hits="1"/>
						<line number="445" hits="1"/>
						<line number="446" hits="1"/>
						<line number="447" hits="1"/>
						<line number="448" hits="1"/>
						<line number="449" hits="1"/>
						<line number="450" hits="1"/>
						<line number="452" hits="1"/>
						<line number="454" hits="1"/>
						<line number="455" hits="1"/>
						<line number="456" hits="1"/>
						<line number="457" hits="1"/>
						<line number="459" hits="1"/>
						<line number="461" hits="1"/>
						<line number="462" hits="1"/>
						<line number="463" hits="1"/>
						<line number="464" hits="1"/>
						<line number="465" hits="1"/>
						<line number="467" hits="1"/>
						<line number="469" hits="1"/>
						<line number="470" hits="1"/>
						<line number="471" hits="1"/>
						<line number="472" hits="1"/>
						<line number="473" hits="1"/>
						<line number="474" hits="1"/>
						<line number="475" hits="1"/>
						<line number="477" hits="1"/>
						<line number="479" hits="1"/>
						<line number="480" hits="1"/>
						<line number="481" hits="1"/>
						<line number="482" hits="1"/>
						<line number="483" hits="1"/>
						<line number="484" hits="1"/>
						<line number="485" hits="1"/>
						<line number="486" hits="1"/>
						<line number="487" hits="1"/>
						<line number="488" hits="1"/>
						<line number="489" hits="1"/>
						<line number="491" hits="1"/>
						<line number="493" hits="1"/>
						<line number="494" hits="1"/>
						<line number="495" hits="1"/>
						<line number="496" hits="1"/>
						<line number="498" hits="1"/>
						<line number="500" hits="1"/>
						<line number="501" hits="1"/>
						<line number="502" hits="1"/>
						<line number="504" hits="1"/>
						<line number="506" hits="1"/>
						<line number="507" hits="1"/>
						<line number="510" hits="1"/>
						<line number="522" hits="1"/>
						<line number="525" hits="1"/>
						<line number="528" hits="1"/>
						<line number="559" hits="1"/>
						<line number="562" hits="1"/>
						<line number="565" hits="1"/>
						<line number="568" hits="1"/>
						<line number="571" hits="1"/>
						<line number="587" hits="1"/>
						<line number="590" hits="1"/>
						<line number="593" hits="1"/>
						<line number="596" hits="1"/>
						<line number="610" hits="1"/>
						<line number="613" hits="1"/>
						<line number="616" hits="1"/>
						<line number="619" hits="1"/>
						<line number="625" hits="1"/>
						<line number="637" hits="1"/>
						<line number="649" hits="1"/>
						<line number="652" hits="1"/>
						<line number="655" hits="1"/>
						<line number="681" hits="1"/>
						<line number="690" hits="1"/>
						<line number="765" hits="1"/>
						<line number="776" hits="1"/>
						<line number="783" hits="1"/>
						<line number="785" hits="1"/>
						<line number="786" hits="1"/>
						<line number="787" hits="1"/>
						<line number="789" hits="1"/>
						<line number="791" hits="1"/>
						<line number="792" hits="1"/>
						<line number="793" hits="1"/>
						<line number="794" hits="1"/>
						<line number="796" hits="1"/>
						<line number="798" hits="1"/>
						<line number="799" hits="1"/>
						<line number="800" hits="1"/>
						<line number="801" hits="1"/>
						<line number="802" hits="1"/>
						<line number="803" hits="1"/>
						<line number="804" hits="1"/>
						<line number="805" hits="1"/>
						<line number="807" hits="1"/>
						<line number="808" hits="1"/>
						<line number="809" hits="1"/>
						<line number="810" hits="1"/>
						<line number="811" hits="1"/>
						<line number="812" hits="1"/>
						<line number="814" hits="1"/>
						<line number="816" hits="1"/>
						<line number="818" hits="0"/>
						<line number="820" hits="0"/>
						<line number="821" hits="0"/>
						<line number="822" hits="0"/>
						<line number="823" hits="0"/>
						<line number="825" hits="0"/>
						<line number="826" hits="0"/>
						<line number="827" hits="0"/>
						<line number="829" hits="0"/>
						<line number="830" hits="0"/>
						<line number="831" hits="0"/>
						<line number="832" hits="0"/>
						<line number="833" hits="0"/>
						<line number="834" hits="0"/>
						<line number="836" hits="0"/>
						<line number="837" hits="0"/>
						<line number="838" hits="0"/>
						<line number="839" hits="0"/>
						<line number="840" hits="0"/>
						<line number="843" hits="0"/>
						<line number="844" hits="0"/>
						<line number="846" hits="0"/>
						<line number="847" hits="0"/>
						<line number="849" hits="0"/>
						<line number="850" hits="0"/>
						<line number="853" hits="0"/>
						<line number="854" hits="0"/>
						<line number="855" hits="0"/>
						<line number="856" hits="0"/>
						<line number="857" hits="0"/>
						<line number="860" hits="0"/>
						<line number="861" hits="0"/>
						<line number="862" hits="0"/>
						<line number="863" hits="0"/>
						<line number="864" hits="0"/>
						<line number="865" hits="0"/>
						<line number="867" hits="0"/>
						<line number="868" hits="0"/>
						<line number="869" hits="0"/>
						<line number="870" hits="0"/>
						<line number="873" hits="0"/>
						<line number="875" hits="0"/>
						<line number="876" hits="0"/>
						<line number="877" hits="0"/>
						<line number="878" hits="0"/>
						<line number="879" hits="0"/>
						<line number="880" hits="0"/>
						<line number="881" hits="0"/>
						<line number="882" hits="0"/>
						<line number="883" hits="0"/>
						<line number="885" hits="0"/>
						<line number="886" hits="0"/>
						<line number="887" hits="0"/>
						<line number="888" hits="0"/>
						<line number="889" hits="0"/>
						<line number="891" hits="0"/>
						<line number="892" hits="0"/>
						<line number="893" hits="0"/>
						<line number="894" hits="0"/>
						<line number="897" hits="0"/>
						<line number="898" hits="0"/>
						<line number="899" hits="0"/>
						<line number="900" hits="0"/>
						<line number="901" hits="0"/>
						<line number="902" hits="0"/>
						<line number="903" hits="0"/>
						<line number="904" hits="0"/>
						<line number="905" hits="0"/>
						<line number="907" hits="0"/>
						<line number="908" hits="0"/>
						<line number="910" hits="0"/>
						<line number="911" hits="0"/>
						<line number="913" hits="0"/>
						<line number="915" hits="0"/>
						<line number="917" hits="0"/>
						<line number="919" hits="1"/>
						<line number="921" hits="0"/>
						<line number="922" hits="0"/>
						<line number="923" hits="0"/>
						<line number="926" hits="0"/>
						<line number="927" hits="0"/>
						<line number="928" hits="0"/>
						<line number="931" hits="0"/>
						<line number="932" hits="0"/>
						<line number="933" hits="0"/>
						<line number="936" hits="0"/>
						<line number="937" hits="0"/>
						<line number="938" hits="0"/>
						<line number="941" hits="0"/>
						<line number="942" hits="0"/>
						<line number="944" hits="0"/>
						<line number="945" hits="0"/>
						<line number="948" hits="0"/>
						<line number="949" hits="0"/>
						<line number="950" hits="0"/>
						<line number="951" hits="0"/>
						<line number="952" hits="0"/>
						<line number="955" hits="0"/>
						<line number="956" hits="0"/>
						<line number="957" hits="0"/>
						<line number="958" hits="0"/>
						<line number="959" hits="0"/>
						<line number="961" hits="0"/>
						<line number="963" hits="0"/>
						<line number="964" hits="0"/>
						<line number="966" hits="1"/>
						<line number="968" hits="1"/>
						<line number="969" hits="1"/>
						<line number="972" hits="1"/>
						<line number="975" hits="1"/>
						<line number="976" hits="1"/>
						<line number="977" hits="1"/>
						<line number="978" hits="1"/>
						<line number="979" hits="0"/>
						<line number="982" hits="1"/>
						<line number="983" hits="0"/>
						<line number="985" hits="0"/>
						<line number="986" hits="0"/>
						<line number="987" hits="0"/>
						<line number="988" hits="0"/>
						<line number="989" hits="0"/>
						<line number="990" hits="0"/>
						<line number="991" hits="0"/>
						<line number="993" hits="1"/>
						<line number="995" hits="1"/>
						<line number="998" hits="1"/>
						<line number="1001" hits="1"/>
						<line number="1002" hits="1"/>
						<line number="1005" hits="1"/>
						<line number="1006" hits="1"/>
						<line number="1007" hits="1"/>
						<line number="1010" hits="1"/>
						<line number="1011" hits="1"/>
						<line number="1014" hits="1"/>
						<line number="1015" hits="1"/>
						<line number="1018" hits="1"/>
						<line number="1019" hits="1"/>
						<line number="1022" hits="1"/>
						<line number="1023" hits="0"/>
						<line number="1024" hits="0"/>
						<line number="1025" hits="0"/>
						<line number="1026" hits="0"/>
						<line number="1027" hits="0"/>
						<line number="1028" hits="0"/>
						<line number="1031" hits="0"/>
						<line number="1033" hits="1"/>
						<line number="1034" hits="1"/>
						<line number="1035" hits="1"/>
						<line number="1036" hits="1"/>
						<line number="1037" hits="1"/>
						<line number="1038" hits="1"/>
						<line number="1041" hits="1"/>
						<line number="1042" hits="1"/>
						<line number="1045" hits="1"/>
						<line number="1046" hits="1"/>
						<line number="1047" hits="1"/>
						<line number="1048" hits="1"/>
						<line number="1049" hits="1"/>
						<line number="1050" hits="1"/>
						<line number="1053" hits="1"/>
						<line number="1054" hits="1"/>
						<line number="1055" hits="0"/>
						<line number="1057" hits="1"/>
						<line number="1058" hits="1"/>
						<line number="1060" hits="1"/>
						<line number="1061" hits="1"/>
						<line number="1062" hits="1"/>
						<line number="1063" hits="0"/>
						<line number="1065" hits="1"/>
						<line number="1066" hits="1"/>
						<line number="1068" hits="1"/>
						<line number="1069" hits="1"/>
						<line number="1070" hits="1"/>
						<line number="1071" hits="1"/>
						<line number="1073" hits="1"/>
						<line number="1076" hits="1"/>
						<line number="1077" hits="0"/>
						<line number="1079" hits="1"/>
						<line number="1080" hits="1"/>
						<line number="1082" hits="1"/>
						<line number="1083" hits="1"/>
						<line number="1084" hits="0"/>
						<line number="1086" hits="1"/>
						<line number="1087" hits="1"/>
						<line number="1089" hits="1"/>
						<line number="1091" hits="1"/>
						<line number="1092" hits="1"/>
						<line number="1094" hits="1"/>
						<line number="1095" hits="1"/>
						<line number="1097" hits="1"/>
						<line number="1098" hits="1"/>
						<line number="1100" hits="1"/>
						<line number="1102" hits="1"/>
						<line number="1104" hits="1"/>
						<line number="1105" hits="0"/>
						<line number="1107" hits="1"/>
						<line number="1108" hits="1"/>
						<line number="1111" hits="1"/>
						<line number="1112" hits="0"/>
						<line number="1114" hits="1"/>
						<line number="1115" hits="1"/>
						<line number="1118" hits="1"/>
						<line number="1119" hits="1"/>
						<line number="1120" hits="1"/>
						<line number="1121" hits="1"/>
						<line number="1123" hits="1"/>
						<line number="1124" hits="0"/>
						<line number="1125" hits="0"/>
						<line number="1126" hits="0"/>
						<line number="1127" hits="0"/>
						<line number="1128" hits="0"/>
						<line number="1130" hits="1"/>
						<line number="1131" hits="1"/>
						<line number="1132" hits="1"/>
						<line number="1133" hits="1"/>
						<line number="1134" hits="1"/>
						<line number="1135" hits="1"/>
						<line number="1138" hits="1"/>
						<line number="1139" hits="1"/>
						<line number="1140" hits="1"/>
						<line number="1141" hits="1"/>
						<line number="1143" hits="1"/>
						<line number="1144" hits="0"/>
						<line number="1146" hits="1"/>
						<line number="1147" hits="1"/>
						<line number="1148" hits="1"/>
						<line number="1149" hits="1"/>
						<line number="1150" hits="1"/>
						<line number="1153" hits="1"/>
						<line number="1154" hits="1"/>
						<line number="1155" hits="1"/>
						<line number="1156" hits="1"/>
						<line number="1157" hits="1"/>
						<line number="1159" hits="1"/>
						<line number="1160" hits="0"/>
						<line number="1162" hits="1"/>
						<line number="1163" hits="1"/>
						<line number="1164" hits="1"/>
						<line number="1165" hits="1"/>
						<line number="1166" hits="1"/>
						<line number="1169" hits="1"/>
						<line number="1170" hits="1"/>
						<line number="1171" hits="0"/>
						<line number="1173" hits="1"/>
						<line number="1175" hits="1"/>
						<line number="1177" hits="1"/>
						<line number="1181" hits="1"/>
						<line number="1182" hits="1"/>
						<line number="1183" hits="1"/>
						<line number="1186" hits="1"/>
						<line number="1189" hits="1"/>
						<line number="1191" hits="0"/>
						<line number="1202" hits="1"/>
						<line number="1213" hits="1"/>
						<line number="1214" hits="1"/>
						<line number="1221" hits="1"/>
						<line number="1222" hits="1"/>
						<line number="1223" hits="0"/>
						<line number="1224" hits="0"/>
						<line number="1228" hits="0"/>
						<line number="1229" hits="0"/>
						<line number="1230" hits="0"/>
						<line number="1233" hits="1"/>
						<line number="1234" hits="1"/>
						<line number="1235" hits="1"/>
						<line number="1236" hits="1"/>
						<line number="1238" hits="1"/>
						<line number="1239" hits="0"/>
						<line number="1242" hits="1"/>
						<line number="1243" hits="1"/>
						<line number="1244" hits="1"/>
						<line number="1245" hits="1"/>
						<line number="1246" hits="1"/>
						<line number="1248" hits="1"/>
						<line number="1249" hits="0"/>
						<line number="1252" hits="1"/>
						<line number="1254" hits="1"/>
						<line number="1256" hits="1"/>
						<line number="1259" hits="1"/>
						<line number="1260" hits="0"/>
						<line number="1261" hits="1"/>
						<line number="1262" hits="0"/>
						<line number="1263" hits="1"/>
						<line number="1264" hits="0"/>
						<line number="1265" hits="1"/>
						<line number="1266" hits="0"/>
						<line number="1269" hits="1"/>
						<line number="1270" hits="1"/>
						<line number="1273" hits="0"/>
						<line number="1274" hits="0"/>
						<line number="1275" hits="0"/>
						<line number="1277" hits="0"/>
						<line number="1279" hits="1"/>
						<line number="1281" hits="1"/>
						<line number="1282" hits="1"/>
						<line number="1285" hits="0"/>
						<line number="1286" hits="0"/>
						<line number="1287" hits="0"/>
						<line number="1289" hits="0"/>
						<line number="1291" hits="1"/>
						<line number="1293" hits="1"/>
						<line number="1294" hits="1"/>
						<line number="1295" hits="1"/>
						<line number="1296" hits="0"/>
						<line number="1298" hits="1"/>
						<line number="1301" hits="1"/>
						<line number="1302" hits="1"/>
						<line number="1305" hits="1"/>
						<line number="1307" hits="0"/>
						<line number="1308" hits="0"/>
						<line number="1309" hits="0"/>
						<line number="1310" hits="0"/>
						<line number="1312" hits="0"/>
						<line number="1313" hits="0"/>
						<line number="1315" hits="0"/>
						<line number="1316" hits="0"/>
						<line number="1319" hits="1"/>
						<line number="1320" hits="0"/>
						<line number="1322" hits="1"/>
						<line number="1324" hits="1"/>
						<line number="1326" hits="1"/>
						<line number="1328" hits="1"/>
						<line number="1329" hits="0"/>
						<line number="1332" hits="1"/>
						<line number="1333" hits="0"/>
						<line number="1334" hits="0"/>
						<line number="1335" hits="0"/>
						<line number="1336" hits="0"/>
						<line number="1338" hits="0"/>
						<line number="1340" hits="1"/>
						<line number="1342" hits="1"/>
						<line number="1344" hits="1"/>
						<line number="1346" hits="1"/>
						<line number="1347" hits="1"/>
						<line number="1349" hits="1"/>
						<line number="1350" hits="0"/>
						<line number="1352" hits="1"/>
						<line number="1353" hits="0"/>
						<line number="1356" hits="1"/>
						<line number="1357" hits="1"/>
						<line number="1359" hits="1"/>
						<line number="1361" hits="0"/>
						<line number="1362" hits="0"/>
						<line number="1364" hits="1"/>
						<line number="1366" hits="1"/>
						<line number="1368" hits="1"/>
						<line number="1369" hits="0"/>
						<line number="1371" hits="1"/>
						<line number="1372" hits="1"/>
						<line number="1373" hits="0"/>
						<line number="1375" hits="1"/>
						<line number="1376" hits="0"/>
						<line number="1379" hits="1"/>
						<line number="1380" hits="1"/>
						<line number="1383" hits="1"/>
						<line number="1385" hits="1"/>
						<line number="1386" hits="0"/>
						<line number="1389" hits="1"/>
						<line number="1390" hits="1"/>
						<line number="1391" hits="1"/>
						<line number="1392" hits="1"/>
						<line number="1393" hits="1"/>
						<line number="1395" hits="1"/>
						<line number="1396" hits="0"/>
						<line number="1398" hits="1"/>
						<line number="1399" hits="0"/>
						<line number="1401" hits="0"/>
						<line number="1402" hits="0"/>
						<line number="1404" hits="1"/>
						<line number="1406" hits="0"/>
						<line number="1407" hits="0"/>
						<line number="1410" hits="1"/>
						<line number="1411" hits="1"/>
						<line number="1519" hits="1"/>
						<line number="1520" hits="1"/>
						<line number="1522" hits="1"/>
						<line number="1524" hits="1"/>
						<line number="1529" hits="1"/>
						<line number="1530" hits="1"/>
						<line number="1531" hits="1"/>
						<line number="1532" hits="1"/>
						<line number="1534" hits="1"/>
						<line number="1536" hits="1"/>
						<line number="1537" hits="1"/>
						<line number="1540" hits="1"/>
						<line number="1541" hits="1"/>
						<line number="1542" hits="1"/>
						<line number="1543" hits="0"/>
						<line number="1544" hits="1"/>
						<line number="1545" hits="1"/>
						<line number="1548" hits="1"/>
						<line number="1549" hits="1"/>
						<line number="1550" hits="0"/>
						<line number="1553" hits="1"/>
						<line number="1554" hits="1"/>
						<line number="1557" hits="1"/>
						<line number="1558" hits="1"/>
						<line number="1561" hits="1"/>
						<line number="1572" hits="1"/>
						<line number="1573" hits="1"/>
						<line number="1583" hits="1"/>
						<line number="1584" hits="1"/>
						<line number="1585" hits="0"/>
						<line number="1587" hits="1"/>
						<line number="1588" hits="0"/>
						<line number="1590" hits="1"/>
						<line number="1592" hits="1"/>
						<line number="1593" hits="1"/>
						<line number="1596" hits="1"/>
						<line number="1597" hits="1"/>
						<line number="1600" hits="1"/>
						<line number="1601" hits="1"/>
						<line number="1602" hits="1"/>
						<line number="1603" hits="1"/>
						<line number="1604" hits="0"/>
						<line number="1605" hits="0"/>
						<line number="1608" hits="1"/>
						<line number="1609" hits="1"/>
						<line number="1610" hits="1"/>
						<line number="1614" hits="1"/>
						<line number="1615" hits="1"/>
						<line number="1616" hits="1"/>
						<line number="1617" hits="0"/>
						<line number="1619" hits="1"/>
						<line number="1621" hits="1"/>
						<line number="1632" hits="1"/>
						<line number="1633" hits="1"/>
						<line number="1636" hits="1"/>
						<line number="1637" hits="1"/>
						<line number="1638" hits="1"/>
						<line number="1639" hits="1"/>
						<line number="1640" hits="0"/>
						<line number="1641" hits="0"/>
						<line number="1644" hits="1"/>
						<line number="1647" hits="1"/>
						<line number="1657" hits="1"/>
						<line number="1658" hits="1"/>
						<line number="1661" hits="1"/>
						<line number="1662" hits="1"/>
						<line number="1664" hits="1"/>
						<line number="1665" hits="1"/>
						<line number="1666" hits="1"/>
						<line number="1669" hits="1"/>
						<line number="1670" hits="1"/>
						<line number="1671" hits="0"/>
						<line number="1672" hits="0"/>
						<line number="1674" hits="1"/>
						<line number="1677" hits="1"/>
						<line number="1678" hits="1"/>
						<line number="1679" hits="1"/>
						<line number="1681" hits="1"/>
						<line number="1684" hits="1"/>
						<line number="1685" hits="1"/>
						<line number="1687" hits="1"/>
						<line number="1689" hits="1"/>
						<line number="1690" hits="1"/>
						<line number="1691" hits="1"/>
						<line number="1694" hits="1"/>
						<line number="1701" hits="1"/>
						<line number="1702" hits="1"/>
						<line number="1703" hits="1"/>
						<line number="1704" hits="1"/>
						<line number="1705" hits="1"/>
						<line number="1708" hits="1"/>
						<line number="1709" hits="1"/>
						<line number="1710" hits="1"/>
						<line number="1711" hits="1"/>
						<line number="1712" hits="1"/>
						<line number="1714" hits="1"/>
						<line number="1715" hits="0"/>
						<line number="1718" hits="1"/>
						<line number="1719" hits="1"/>
						<line number="1721" hits="0"/>
						<line number="1722" hits="1"/>
						<line number="1725" hits="1"/>
						<line number="1726" hits="1"/>
						<line number="1727" hits="1"/>
						<line number="1728" hits="1"/>
						<line number="1731" hits="1"/>
						<line number="1740" hits="1"/>
						<line number="1742" hits="1"/>
						<line number="1744" hits="1"/>
						<line number="1745" hits="1"/>
						<line number="1751" hits="1"/>
						<line number="1752" hits="0"/>
						<line number="1753" hits="1"/>
						<line number="1754" hits="0"/>
						<line number="1757" hits="1"/>
						<line number="1758" hits="1"/>
						<line number="1759" hits="1"/>
						<line number="1762" hits="1"/>
						<line number="1764" hits="1"/>
						<line number="1765" hits="1"/>
						<line number="1766" hits="1"/>
						<line number="1769" hits="0"/>
						<line number="1770" hits="0"/>
						<line number="1773" hits="1"/>
						<line number="1774" hits="1"/>
						<line number="1776" hits="1"/>
						<line number="1785" hits="1"/>
						<line number="1787" hits="1"/>
						<line number="1789" hits="1"/>
						<line number="1790" hits="1"/>
						<line number="1796" hits="1"/>
						<line number="1797" hits="0"/>
						<line number="1798" hits="1"/>
						<line number="1799" hits="0"/>
						<line number="1802" hits="1"/>
						<line number="1803" hits="1"/>
						<line number="1804" hits="1"/>
						<line number="1805" hits="1"/>
						<line number="1806" hits="1"/>
						<line number="1808" hits="0"/>
						<line number="1811" hits="0"/>
						<line number="1812" hits="0"/>
						<line number="1815" hits="1"/>
						<line number="1816" hits="1"/>
						<line number="1817" hits="0"/>
						<line number="1818" hits="0"/>
						<line number="1820" hits="0"/>
						<line number="1821" hits="0"/>
						<line number="1823" hits="0"/>
						<line number="1824" hits="0"/>
						<line number="1825" hits="0"/>
						<line number="1826" hits="0"/>
						<line number="1830" hits="0"/>
						<line number="1831" hits="0"/>
						<line number="1834" hits="1"/>
						<line number="1835" hits="1"/>
						<line number="1836" hits="1"/>
						<line number="1839" hits="1"/>
						<line number="1840" hits="1"/>
						<line number="1841" hits="1"/>
						<line number="1842" hits="1"/>
						<line number="1845" hits="1"/>
						<line number="1846" hits="1"/>
						<line number="1847" hits="1"/>
						<line number="1848" hits="1"/>
						<line number="1851" hits="1"/>
						<line number="1852" hits="1"/>
						<line number="1853" hits="1"/>
						<line number="1854" hits="1"/>
						<line number="1855" hits="1"/>
						<line number="1856" hits="1"/>
						<line number="1859" hits="1"/>
						<line number="1862" hits="1"/>
						<line number="1880" hits="1"/>
						<line number="1881" hits="1"/>
						<line number="1882" hits="1"/>
						<line number="1885" hits="1"/>
						<line number="1886" hits="1"/>
						<line number="1887" hits="1"/>
						<line number="1888" hits="1"/>
						<line number="1889" hits="1"/>
						<line number="1890" hits="1"/>
						<line number="1893" hits="1"/>
						<line number="1894" hits="1"/>
						<line number="1895" hits="1"/>
						<line number="1896" hits="0"/>
						<line number="1897" hits="0"/>
						<line number="1900" hits="1"/>
						<line number="1903" hits="1"/>
						<line number="1911" hits="1"/>
						<line number="1912" hits="1"/>
						<line number="1913" hits="1"/>
						<line number="1914" hits="1"/>
						<line number="1915" hits="1"/>
						<line number="1916" hits="1"/>
						<line number="1917" hits="1"/>
						<line number="1918" hits="0"/>
						<line number="1919" hits="0"/>
						<line number="1920" hits="0"/>
						<line number="1921" hits="0"/>
						<line number="1922" hits="0"/>
						<line number="1923" hits="0"/>
						<line number="1926" hits="1"/>
						<line number="1927" hits="1"/>
						<line number="1928" hits="1"/>
						<line number="1929" hits="1"/>
						<line number="1930" hits="0"/>
						<line number="1931" hits="0"/>
						<line number="1933" hits="1"/>
						<line number="1955" hits="0"/>
						<line number="1956" hits="0"/>
						<line number="1959" hits="0"/>
						<line number="1960" hits="0"/>
						<line number="1962" hits="0"/>
						<line number="1963" hits="0"/>
						<line number="1966" hits="0"/>
						<line number="1971" hits="0"/>
						<line number="1972" hits="0"/>
						<line number="1974" hits="0"/>
						<line number="1975" hits="0"/>
						<line number="1978" hits="0"/>
						<line number="1981" hits="0"/>
						<line number="1987" hits="1"/>
						<line number="1988" hits="1"/>
						<line number="1990" hits="0"/>
						<line number="1991" hits="0"/>
						<line number="1994" hits="0"/>
						<line number="2004" hits="0"/>
						<line number="2005" hits="0"/>
						<line number="2006" hits="0"/>
						<line number="2008" hits="0"/>
						<line number="2009" hits="0"/>
						<line number="2011" hits="0"/>
						<line number="2012" hits="0"/>
						<line number="2014" hits="0"/>
						<line number="2015" hits="0"/>
						<line number="2017" hits="0"/>
						<line number="2019" hits="0"/>
						<line number="2020" hits="0"/>
						<line number="2029" hits="1"/>
						<line number="2031" hits="1"/>
						<line number="2032" hits="1"/>
						<line number="2034" hits="1"/>
						<line number="2035" hits="1"/>
						<line number="2036" hits="0"/>
						<line number="2037" hits="0"/>
						<line number="2038" hits="0"/>
						<line number="2039" hits="0"/>
						<line number="2040" hits="0"/>
					</lines>
				</class>
			</classes>
		</package>
		<package name="src.archi_mcp.archimate" line-rate="0.4897" branch-rate="0" complexity="0">
			<classes>
				<class name="__init__.py" filename="src/archi_mcp/archimate/__init__.py" complexity="0" line-rate="1" branch-rate="0">
					<methods/>
					<lines>
						<line number="3" hits="1"/>
						<line number="14" hits="1"/>
						<line number="15" hits="1"/>
						<line number="16" hits="1"/>
						<line number="18" hits="1"/>
					</lines>
				</class>
				<class name="generator.py" filename="src/archi_mcp/archimate/generator.py" complexity="0" line-rate="0.509" branch-rate="0">
					<methods/>
					<lines>
						<line number="3" hits="1"/>
						<line number="4" hits="1"/>
						<line number="6" hits="1"/>
						<line number="7" hits="1"/>
						<line number="8" hits="1"/>
						<line number="9" hits="1"/>
						<line number="12" hits="1"/>
						<line number="14" hits="1"/>
						<line number="15" hits="1"/>
						<line number="16" hits="1"/>
						<line number="17" hits="1"/>
						<line number="18" hits="1"/>
						<line number="19" hits="1"/>
						<line number="20" hits="1"/>
						<line number="23" hits="1"/>
						<line number="26" hits="1"/>
						<line number="32" hits="1"/>
						<line number="33" hits="1"/>
						<line number="34" hits="1"/>
						<line number="35" hits="1"/>
						<line number="37" hits="1"/>
						<line number="46" hits="1"/>
						<line number="47" hits="0"/>
						<line number="52" hits="1"/>
						<line number="54" hits="1"/>
						<line number="64" hits="1"/>
						<line number="65" hits="1"/>
						<line number="66" hits="0"/>
						<line number="71" hits="1"/>
						<line number="73" hits="1"/>
						<line number="79" hits="1"/>
						<line number="81" hits="1"/>
						<line number="98" hits="1"/>
						<line number="99" hits="0"/>
						<line number="102" hits="1"/>
						<line number="105" hits="1"/>
						<line number="106" hits="1"/>
						<line number="107" hits="1"/>
						<line number="110" hits="1"/>
						<line number="111" hits="1"/>
						<line number="112" hits="1"/>
						<line number="115" hits="1"/>
						<line number="116" hits="1"/>
						<line number="117" hits="1"/>
						<line number="120" hits="1"/>
						<line number="121" hits="1"/>
						<line number="122" hits="0"/>
						<line number="123" hits="0"/>
						<line number="125" hits="1"/>
						<line number="128" hits="1"/>
						<line number="129" hits="0"/>
						<line number="131" hits="1"/>
						<line number="133" hits="1"/>
						<line number="136" hits="1"/>
						<line number="139" hits="1"/>
						<line number="140" hits="1"/>
						<line number="141" hits="1"/>
						<line number="144" hits="1"/>
						<line number="145" hits="1"/>
						<line number="147" hits="1"/>
						<line number="149" hits="1"/>
						<line number="151" hits="1"/>
						<line number="152" hits="1"/>
						<line number="153" hits="1"/>
						<line number="155" hits="1"/>
						<line number="158" hits="0"/>
						<line number="159" hits="0"/>
						<line number="160" hits="0"/>
						<line number="161" hits="0"/>
						<line number="162" hits="0"/>
						<line number="163" hits="0"/>
						<line number="166" hits="0"/>
						<line number="167" hits="0"/>
						<line number="168" hits="0"/>
						<line number="169" hits="0"/>
						<line number="170" hits="0"/>
						<line number="171" hits="0"/>
						<line number="172" hits="0"/>
						<line number="173" hits="0"/>
						<line number="176" hits="0"/>
						<line number="177" hits="0"/>
						<line number="178" hits="0"/>
						<line number="179" hits="0"/>
						<line number="180" hits="0"/>
						<line number="181" hits="0"/>
						<line number="183" hits="1"/>
						<line number="185" hits="1"/>
						<line number="186" hits="1"/>
						<line number="188" hits="1"/>
						<line number="189" hits="1"/>
						<line number="190" hits="1"/>
						<line number="192" hits="1"/>
						<line number="194" hits="1"/>
						<line number="195" hits="1"/>
						<line number="198" hits="1"/>
						<line number="199" hits="1"/>
						<line number="200" hits="1"/>
						<line number="201" hits="1"/>
						<line number="203" hits="1"/>
						<line number="205" hits="1"/>
						<line number="207" hits="1"/>
						<line number="208" hits="1"/>
						<line number="210" hits="1"/>
						<line number="212" hits="1"/>
						<line number="214" hits="1"/>
						<line number="216" hits="1"/>
						<line number="218" hits="1"/>
						<line number="220" hits="1"/>
						<line number="222" hits="1"/>
						<line number="228" hits="0"/>
						<line number="231" hits="0"/>
						<line number="232" hits="0"/>
						<line number="233" hits="0"/>
						<line number="234" hits="0"/>
						<line number="237" hits="0"/>
						<line number="238" hits="0"/>
						<line number="239" hits="0"/>
						<line number="240" hits="0"/>
						<line number="242" hits="0"/>
						<line number="244" hits="1"/>
						<line number="254" hits="0"/>
						<line number="255" hits="0"/>
						<line number="256" hits="0"/>
						<line number="257" hits="0"/>
						<line number="258" hits="0"/>
						<line number="259" hits="0"/>
						<line number="264" hits="1"/>
						<line number="276" hits="0"/>
						<line number="277" hits="0"/>
						<line number="278" hits="0"/>
						<line number="279" hits="0"/>
						<line number="280" hits="0"/>
						<line number="282" hits="0"/>
						<line number="284" hits="0"/>
						<line number="287" hits="0"/>
						<line number="288" hits="0"/>
						<line number="289" hits="0"/>
						<line number="291" hits="0"/>
						<line number="292" hits="0"/>
						<line number="293" hits="0"/>
						<line number="295" hits="0"/>
						<line number="296" hits="0"/>
						<line number="299" hits="0"/>
						<line number="300" hits="0"/>
						<line number="303" hits="0"/>
						<line number="310" hits="0"/>
						<line number="311" hits="0"/>
						<line number="312" hits="0"/>
						<line number="313" hits="0"/>
						<line number="314" hits="0"/>
						<line number="316" hits="0"/>
						<line number="317" hits="0"/>
						<line number="320" hits="0"/>
						<line number="321" hits="0"/>
						<line number="323" hits="0"/>
						<line number="324" hits="0"/>
						<line number="327" hits="0"/>
						<line number="328" hits="0"/>
						<line number="331" hits="0"/>
						<line number="332" hits="0"/>
						<line number="333" hits="0"/>
						<line number="334" hits="0"/>
						<line number="336" hits="0"/>
						<line number="338" hits="0"/>
						<line number="339" hits="0"/>
						<line number="340" hits="0"/>
						<line number="341" hits="0"/>
					</lines>
				</class>
				<class name="relationships.py" filename="src/archi_mcp/archimate/relationships.py" complexity="0" line-rate="0.725" branch-rate="0">
					<methods/>
					<lines>
						<line number="3" hits="1"/>
						<line number="4" hits="1"/>
						<line number="5" hits="1"/>
						<line number="7" hits="1"/>
						<line number="10" hits="1"/>
						<line number="12" hits="1"/>
						<line number="13" hits="1"/>
						<line number="14" hits="1"/>
						<line number="15" hits="1"/>
						<line number="16" hits="1"/>
						<line number="17" hits="1"/>
						<line number="18" hits="1"/>
						<line number="19" hits="1"/>
						<line number="20" hits="1"/>
						<line number="21" hits="1"/>
						<line number="22" hits="1"/>
						<line number="25" hits="1"/>
						<line number="27" hits="1"/>
						<line number="28" hits="1"/>
						<line number="29" hits="1"/>
						<line number="30" hits="1"/>
						<line number="33" hits="1"/>
						<line number="36" hits="1"/>
						<line number="37" hits="1"/>
						<line number="38" hits="1"/>
						<line number="39" hits="1"/>
						<line number="40" hits="1"/>
						<line number="41" hits="1"/>
						<line number="42" hits="1"/>
						<line number="43" hits="1"/>
						<line number="45" hits="1"/>
						<line number="56" hits="1"/>
						<line number="59" hits="1"/>
						<line number="61" hits="1"/>
						<line number="62" hits="1"/>
						<line number="63" hits="0"/>
						<line number="66" hits="1"/>
						<line number="67" hits="1"/>
						<line number="68" hits="1"/>
						<line number="70" hits="0"/>
						<line number="73" hits="0"/>
						<line number="76" hits="1"/>
						<line number="78" hits="1"/>
						<line number="80" hits="1"/>
						<line number="89" hits="1"/>
						<line number="92" hits="1"/>
						<line number="93" hits="0"/>
						<line number="94" hits="1"/>
						<line number="95" hits="0"/>
						<line number="97" hits="1"/>
						<line number="98" hits="0"/>
						<line number="101" hits="1"/>
						<line number="102" hits="1"/>
						<line number="105" hits="1"/>
						<line number="106" hits="1"/>
						<line number="108" hits="1"/>
						<line number="110" hits="1"/>
						<line number="120" hits="1"/>
						<line number="127" hits="1"/>
						<line number="128" hits="0"/>
						<line number="131" hits="0"/>
						<line number="134" hits="1"/>
						<line number="140" hits="0"/>
						<line number="142" hits="0"/>
						<line number="146" hits="1"/>
						<line number="148" hits="1"/>
						<line number="149" hits="0"/>
						<line number="158" hits="1"/>
						<line number="173" hits="1"/>
						<line number="202" hits="0"/>
						<line number="203" hits="0"/>
						<line number="204" hits="0"/>
						<line number="213" hits="0"/>
						<line number="214" hits="0"/>
						<line number="215" hits="0"/>
						<line number="216" hits="0"/>
						<line number="217" hits="0"/>
						<line number="218" hits="0"/>
						<line number="219" hits="0"/>
						<line number="227" hits="0"/>
					</lines>
				</class>
				<class name="validator.py" filename="src/archi_mcp/archimate/validator.py" complexity="0" line-rate="0.2069" branch-rate="0">
					<methods/>
					<lines>
						<line number="3" hits="1"/>
						<line number="4" hits="1"/>
						<line number="5" hits="1"/>
						<line number="6" hits="1"/>
						<line number="9" hits="1"/>
						<line number="12" hits="1"/>
						<line number="18" hits="1"/>
						<line number="19" hits="1"/>
						<line number="21" hits="1"/>
						<line number="35" hits="0"/>
						<line number="38" hits="0"/>
						<line number="39" hits="0"/>
						<line number="42" hits="0"/>
						<line number="43" hits="0"/>
						<line number="46" hits="0"/>
						<line number="47" hits="0"/>
						<line number="50" hits="0"/>
						<line number="51" hits="0"/>
						<line number="52" hits="0"/>
						<line number="54" hits="0"/>
						<line number="56" hits="1"/>
						<line number="58" hits="0"/>
						<line number="60" hits="0"/>
						<line number="62" hits="0"/>
						<line number="63" hits="0"/>
						<line number="66" hits="0"/>
						<line number="67" hits="0"/>
						<line number="71" hits="0"/>
						<line number="73" hits="1"/>
						<line number="79" hits="0"/>
						<line number="81" hits="0"/>
						<line number="82" hits="0"/>
						<line number="83" hits="0"/>
						<line number="85" hits="0"/>
						<line number="87" hits="1"/>
						<line number="93" hits="0"/>
						<line number="96" hits="0"/>
						<line number="97" hits="0"/>
						<line number="98" hits="0"/>
						<line number="99" hits="0"/>
						<line number="102" hits="0"/>
						<line number="103" hits="0"/>
						<line number="104" hits="0"/>
						<line number="105" hits="0"/>
						<line number="109" hits="0"/>
						<line number="110" hits="0"/>
						<line number="115" hits="0"/>
						<line number="117" hits="1"/>
						<line number="123" hits="0"/>
						<line number="126" hits="0"/>
						<line number="127" hits="0"/>
						<line number="130" hits="0"/>
						<line number="131" hits="0"/>
						<line number="133" hits="0"/>
						<line number="136" hits="0"/>
						<line number="138" hits="0"/>
						<line number="140" hits="1"/>
						<line number="147" hits="0"/>
						<line number="150" hits="0"/>
						<line number="151" hits="0"/>
						<line number="152" hits="0"/>
						<line number="157" hits="0"/>
						<line number="159" hits="0"/>
						<line number="161" hits="0"/>
						<line number="165" hits="0"/>
						<line number="167" hits="0"/>
						<line number="169" hits="0"/>
						<line number="173" hits="0"/>
						<line number="175" hits="0"/>
						<line number="177" hits="0"/>
						<line number="179" hits="0"/>
						<line number="183" hits="0"/>
						<line number="185" hits="1"/>
						<line number="193" hits="1"/>
						<line number="195" hits="1"/>
						<line number="206" hits="0"/>
						<line number="242" hits="0"/>
						<line number="244" hits="1"/>
						<line number="260" hits="0"/>
						<line number="263" hits="0"/>
						<line number="266" hits="0"/>
						<line number="267" hits="0"/>
						<line number="270" hits="0"/>
						<line number="272" hits="0"/>
						<line number="275" hits="0"/>
						<line number="277" hits="0"/>
						<line number="279" hits="0"/>
					</lines>
				</class>
			</classes>
		</package>
		<package name="src.archi_mcp.archimate.elements" line-rate="0.7106" branch-rate="0" complexity="0">
			<classes>
				<class name="__init__.py" filename="src/archi_mcp/archimate/elements/__init__.py" complexity="0" line-rate="1" branch-rate="0">
					<methods/>
					<lines>
						<line number="3" hits="1"/>
						<line number="4" hits="1"/>
						<line number="5" hits="1"/>
						<line number="6" hits="1"/>
						<line number="7" hits="1"/>
						<line number="8" hits="1"/>
						<line number="9" hits="1"/>
						<line number="10" hits="1"/>
						<line number="13" hits="1"/>
						<line number="99" hits="1"/>
					</lines>
				</class>
				<class name="application.py" filename="src/archi_mcp/archimate/elements/application.py" complexity="0" line-rate="0.7" branch-rate="0">
					<methods/>
					<lines>
						<line number="3" hits="1"/>
						<line number="6" hits="1"/>
						<line number="9" hits="1"/>
						<line number="11" hits="1"/>
						<line number="12" hits="1"/>
						<line number="20" hits="0"/>
						<line number="30" hits="1"/>
						<line number="31" hits="1"/>
						<line number="39" hits="0"/>
						<line number="49" hits="1"/>
						<line number="50" hits="1"/>
						<line number="58" hits="0"/>
						<line number="68" hits="1"/>
						<line number="69" hits="1"/>
						<line number="77" hits="0"/>
						<line number="87" hits="1"/>
						<line number="88" hits="1"/>
						<line number="96" hits="0"/>
						<line number="106" hits="1"/>
						<line number="107" hits="1"/>
						<line number="115" hits="0"/>
						<line number="125" hits="1"/>
						<line number="126" hits="1"/>
						<line number="134" hits="0"/>
						<line number="144" hits="1"/>
						<line number="145" hits="1"/>
						<line number="153" hits="0"/>
						<line number="163" hits="1"/>
						<line number="164" hits="1"/>
						<line number="172" hits="0"/>
					</lines>
				</class>
				<class name="base.py" filename="src/archi_mcp/archimate/elements/base.py" complexity="0" line-rate="0.6866" branch-rate="0">
					<methods/>
					<lines>
						<line number="3" hits="1"/>
						<line number="4" hits="1"/>
						<line number="5" hits="1"/>
						<line number="8" hits="1"/>
						<line number="10" hits="1"/>
						<line number="11" hits="1"/>
						<line number="12" hits="1"/>
						<line number="13" hits="1"/>
						<line number="14" hits="1"/>
						<line number="15" hits="1"/>
						<line number="16" hits="1"/>
						<line number="19" hits="1"/>
						<line number="21" hits="1"/>
						<line number="22" hits="1"/>
						<line number="23" hits="1"/>
						<line number="26" hits="1"/>
						<line number="29" hits="1"/>
						<line number="30" hits="1"/>
						<line number="31" hits="1"/>
						<line number="32" hits="1"/>
						<line number="33" hits="1"/>
						<line number="34" hits="1"/>
						<line number="35" hits="1"/>
						<line number="36" hits="1"/>
						<line number="37" hits="1"/>
						<line number="39" hits="1"/>
						<line number="49" hits="1"/>
						<line number="52" hits="1"/>
						<line number="53" hits="1"/>
						<line number="54" hits="0"/>
						<line number="57" hits="1"/>
						<line number="61" hits="1"/>
						<line number="64" hits="1"/>
						<line number="65" hits="0"/>
						<line number="67" hits="1"/>
						<line number="69" hits="1"/>
						<line number="71" hits="1"/>
						<line number="73" hits="1"/>
						<line number="79" hits="1"/>
						<line number="88" hits="1"/>
						<line number="90" hits="1"/>
						<line number="100" hits="0"/>
						<line number="103" hits="0"/>
						<line number="139" hits="0"/>
						<line number="140" hits="0"/>
						<line number="141" hits="0"/>
						<line number="144" hits="0"/>
						<line number="145" hits="0"/>
						<line number="147" hits="1"/>
						<line number="153" hits="0"/>
						<line number="156" hits="0"/>
						<line number="157" hits="0"/>
						<line number="158" hits="0"/>
						<line number="159" hits="0"/>
						<line number="160" hits="0"/>
						<line number="161" hits="0"/>
						<line number="164" hits="0"/>
						<line number="165" hits="0"/>
						<line number="167" hits="0"/>
						<line number="169" hits="1"/>
						<line number="170" hits="0"/>
						<line number="172" hits="1"/>
						<line number="186" hits="1"/>
						<line number="275" hits="1"/>
						<line number="276" hits="1"/>
						<line number="277" hits="1"/>
						<line number="280" hits="0"/>
					</lines>
				</class>
				<class name="business.py" filename="src/archi_mcp/archimate/elements/business.py" complexity="0" line-rate="0.7" branch-rate="0">
					<methods/>
					<lines>
						<line number="3" hits="1"/>
						<line number="4" hits="1"/>
						<line number="7" hits="1"/>
						<line number="10" hits="1"/>
						<line number="12" hits="1"/>
						<line number="13" hits="1"/>
						<line number="21" hits="0"/>
						<line number="31" hits="1"/>
						<line number="32" hits="1"/>
						<line number="40" hits="0"/>
						<line number="50" hits="1"/>
						<line number="51" hits="1"/>
						<line number="59" hits="0"/>
						<line number="69" hits="1"/>
						<line number="70" hits="1"/>
						<line number="78" hits="0"/>
						<line number="88" hits="1"/>
						<line number="89" hits="1"/>
						<line number="97" hits="0"/>
						<line number="107" hits="1"/>
						<line number="108" hits="1"/>
						<line number="116" hits="0"/>
						<line number="126" hits="1"/>
						<line number="127" hits="1"/>
						<line number="135" hits="0"/>
						<line number="145" hits="1"/>
						<line number="146" hits="1"/>
						<line number="154" hits="0"/>
						<line number="164" hits="1"/>
						<line number="165" hits="1"/>
						<line number="173" hits="0"/>
						<line number="183" hits="1"/>
						<line number="184" hits="1"/>
						<line number="192" hits="0"/>
						<line number="202" hits="1"/>
						<line number="203" hits="1"/>
						<line number="211" hits="0"/>
						<line number="221" hits="1"/>
						<line number="222" hits="1"/>
						<line number="230" hits="0"/>
					</lines>
				</class>
				<class name="implementation.py" filename="src/archi_mcp/archimate/elements/implementation.py" complexity="0" line-rate="0.7222" branch-rate="0">
					<methods/>
					<lines>
						<line number="3" hits="1"/>
						<line number="6" hits="1"/>
						<line number="9" hits="1"/>
						<line number="11" hits="1"/>
						<line number="12" hits="1"/>
						<line number="20" hits="0"/>
						<line number="30" hits="1"/>
						<line number="31" hits="1"/>
						<line number="39" hits="0"/>
						<line number="49" hits="1"/>
						<line number="50" hits="1"/>
						<line number="58" hits="0"/>
						<line number="68" hits="1"/>
						<line number="69" hits="1"/>
						<line number="77" hits="0"/>
						<line number="87" hits="1"/>
						<line number="88" hits="1"/>
						<line number="96" hits="0"/>
					</lines>
				</class>
				<class name="motivation.py" filename="src/archi_mcp/archimate/elements/motivation.py" complexity="0" line-rate="0.697" branch-rate="0">
					<methods/>
					<lines>
						<line number="3" hits="1"/>
						<line number="6" hits="1"/>
						<line number="9" hits="1"/>
						<line number="11" hits="1"/>
						<line number="12" hits="1"/>
						<line number="20" hits="0"/>
						<line number="30" hits="1"/>
						<line number="31" hits="1"/>
						<line number="39" hits="0"/>
						<line number="49" hits="1"/>
						<line number="50" hits="1"/>
						<line number="58" hits="0"/>
						<line number="68" hits="1"/>
						<line number="69" hits="1"/>
						<line number="77" hits="0"/>
						<line number="87" hits="1"/>
						<line number="88" hits="1"/>
						<line number="96" hits="0"/>
						<line number="106" hits="1"/>
						<line number="107" hits="1"/>
						<line number="115" hits="0"/>
						<line number="125" hits="1"/>
						<line number="126" hits="1"/>
						<line number="134" hits="0"/>
						<line number="144" hits="1"/>
						<line number="145" hits="1"/>
						<line number="153" hits="0"/>
						<line number="163" hits="1"/>
						<line number="164" hits="1"/>
						<line number="172" hits="0"/>
						<line number="182" hits="1"/>
						<line number="183" hits="1"/>
						<line number="191" hits="0"/>
					</lines>
				</class>
				<class name="physical.py" filename="src/archi_mcp/archimate/elements/physical.py" complexity="0" line-rate="0.7333" branch-rate="0">
					<methods/>
					<lines>
						<line number="3" hits="1"/>
						<line number="6" hits="1"/>
						<line number="9" hits="1"/>
						<line number="11" hits="1"/>
						<line number="12" hits="1"/>
						<line number="20" hits="0"/>
						<line number="30" hits="1"/>
						<line number="31" hits="1"/>
						<line number="39" hits="0"/>
						<line number="49" hits="1"/>
						<line number="50" hits="1"/>
						<line number="58" hits="0"/>
						<line number="68" hits="1"/>
						<line number="69" hits="1"/>
						<line number="77" hits="0"/>
					</lines>
				</class>
				<class name="strategy.py" filename="src/archi_mcp/archimate/elements/strategy.py" complexity="0" line-rate="0.7333" branch-rate="0">
					<methods/>
					<lines>
						<line number="3" hits="1"/>
						<line number="6" hits="1"/>
						<line number="9" hits="1"/>
						<line number="11" hits="1"/>
						<line number="12" hits="1"/>
						<line number="20" hits="0"/>
						<line number="30" hits="1"/>
						<line number="31" hits="1"/>
						<line number="39" hits="0"/>
						<line number="49" hits="1"/>
						<line number="50" hits="1"/>
						<line number="58" hits="0"/>
						<line number="68" hits="1"/>
						<line number="69" hits="1"/>
						<line number="77" hits="0"/>
					</lines>
				</class>
				<class name="technology.py" filename="src/archi_mcp/archimate/elements/technology.py" complexity="0" line-rate="0.6889" branch-rate="0">
					<methods/>
					<lines>
						<line number="3" hits="1"/>
						<line number="6" hits="1"/>
						<line number="9" hits="1"/>
						<line number="11" hits="1"/>
						<line number="12" hits="1"/>
						<line number="20" hits="0"/>
						<line number="30" hits="1"/>
						<line number="31" hits="1"/>
						<line number="39" hits="0"/>
						<line number="49" hits="1"/>
						<line number="50" hits="1"/>
						<line number="58" hits="0"/>
						<line number="68" hits="1"/>
						<line number="69" hits="1"/>
						<line number="77" hits="0"/>
						<line number="87" hits="1"/>
						<line number="88" hits="1"/>
						<line number="96" hits="0"/>
						<line number="106" hits="1"/>
						<line number="107" hits="1"/>
						<line number="115" hits="0"/>
						<line number="125" hits="1"/>
						<line number="126" hits="1"/>
						<line number="134" hits="0"/>
						<line number="144" hits="1"/>
						<line number="145" hits="1"/>
						<line number="153" hits="0"/>
						<line number="163" hits="1"/>
						<line number="164" hits="1"/>
						<line number="172" hits="0"/>
						<line number="182" hits="1"/>
						<line number="183" hits="1"/>
						<line number="191" hits="0"/>
						<line number="201" hits="1"/>
						<line number="202" hits="1"/>
						<line number="210" hits="0"/>
						<line number="220" hits="1"/>
						<line number="221" hits="1"/>
						<line number="229" hits="0"/>
						<line number="239" hits="1"/>
						<line number="240" hits="1"/>
						<line number="248" hits="0"/>
						<line number="258" hits="1"/>
						<line number="259" hits="1"/>
						<line number="267" hits="0"/>
					</lines>
				</class>
			</classes>
		</package>
		<package name="src.archi_mcp.i18n" line-rate="0.72" branch-rate="0" complexity="0">
			<classes>
				<class name="__init__.py" filename="src/archi_mcp/i18n/__init__.py" complexity="0" line-rate="1" branch-rate="0">
					<methods/>
					<lines>
						<line number="3" hits="1"/>
						<line number="4" hits="1"/>
						<line number="6" hits="1"/>
					</lines>
				</class>
				<class name="translator.py" filename="src/archi_mcp/i18n/translator.py" complexity="0" line-rate="0.6818" branch-rate="0">
					<methods/>
					<lines>
						<line number="3" hits="1"/>
						<line number="4" hits="1"/>
						<line number="7" hits="1"/>
						<line number="10" hits="1"/>
						<line number="16" hits="1"/>
						<line number="17" hits="1"/>
						<line number="19" hits="1"/>
						<line number="28" hits="1"/>
						<line number="30" hits="1"/>
						<line number="39" hits="1"/>
						<line number="41" hits="1"/>
						<line number="50" hits="0"/>
						<line number="52" hits="1"/>
						<line number="61" hits="0"/>
						<line number="62" hits="0"/>
						<line number="63" hits="0"/>
						<line number="64" hits="0"/>
						<line number="65" hits="0"/>
						<line number="67" hits="1"/>
						<line number="73" hits="0"/>
						<line number="75" hits="1"/>
						<line number="81" hits="1"/>
					</lines>
				</class>
			</classes>
		</package>
		<package name="src.archi_mcp.i18n.languages" line-rate="1" branch-rate="0" complexity="0">
			<classes>
				<class name="__init__.py" filename="src/archi_mcp/i18n/languages/__init__.py" complexity="0" line-rate="1" branch-rate="0">
					<methods/>
					<lines>
						<line number="3" hits="1"/>
						<line number="4" hits="1"/>
						<line number="6" hits="1"/>
						<line number="11" hits="1"/>
					</lines>
				</class>
				<class name="english.py" filename="src/archi_mcp/i18n/languages/english.py" complexity="0" line-rate="1" branch-rate="0">
					<methods/>
					<lines>
						<line number="3" hits="1"/>
					</lines>
				</class>
				<class name="slovak.py" filename="src/archi_mcp/i18n/languages/slovak.py" complexity="0" line-rate="1" branch-rate="0">
					<methods/>
					<lines>
						<line number="3" hits="1"/>
					</lines>
				</class>
			</classes>
		</package>
		<package name="src.archi_mcp.utils" line-rate="0.65" branch-rate="0" complexity="0">
			<classes>
				<class name="__init__.py" filename="src/archi_mcp/utils/__init__.py" complexity="0" line-rate="1" branch-rate="0">
					<methods/>
					<lines>
						<line number="3" hits="1"/>
						<line number="4" hits="1"/>
						<line number="6" hits="1"/>
					</lines>
				</class>
				<class name="exceptions.py" filename="src/archi_mcp/utils/exceptions.py" complexity="0" line-rate="0.4583" branch-rate="0">
					<methods/>
					<lines>
						<line number="3" hits="1"/>
						<line number="6" hits="1"/>
						<line number="9" hits="1"/>
						<line number="10" hits="0"/>
						<line number="11" hits="0"/>
						<line number="12" hits="0"/>
						<line number="15" hits="1"/>
						<line number="18" hits="1"/>
						<line number="25" hits="0"/>
						<line number="26" hits="0"/>
						<line number="27" hits="0"/>
						<line number="30" hits="1"/>
						<line number="33" hits="1"/>
						<line number="41" hits="0"/>
						<line number="42" hits="0"/>
						<line number="43" hits="0"/>
						<line number="44" hits="0"/>
						<line number="47" hits="1"/>
						<line number="49" hits="1"/>
						<line number="52" hits="1"/>
						<line number="55" hits="1"/>
						<line number="62" hits="0"/>
						<line number="63" hits="0"/>
						<line number="64" hits="0"/>
					</lines>
				</class>
				<class name="logging.py" filename="src/archi_mcp/utils/logging.py" complexity="0" line-rate="0.9231" branch-rate="0">
					<methods/>
					<lines>
						<line number="3" hits="1"/>
						<line number="4" hits="1"/>
						<line number="6" hits="1"/>
						<line number="9" hits="1"/>
						<line number="22" hits="1"/>
						<line number="25" hits="1"/>
						<line number="26" hits="1"/>
						<line number="34" hits="1"/>
						<line number="44" hits="1"/>
						<line number="45" hits="0"/>
						<line number="56" hits="1"/>
						<line number="59" hits="1"/>
						<line number="68" hits="1"/>
					</lines>
				</class>
			</classes>
		</package>
	</packages>
</coverage>
